#
# A fatal error has been detected by the Java Runtime Environment:
#
#  EXCEPTION_PRIV_INSTRUCTION (0xc0000096) at pc=0x00000000025556ed, pid=6788, tid=0x00000000000032cc
#
# JRE version: OpenJDK Runtime Environment (8.0_202-b03) (build 1.8.0_202-release-1483-b03)
# Java VM: OpenJDK 64-Bit Server VM (25.202-b03 mixed mode windows-amd64 compressed oops)
# Problematic frame:
# j  org.gradle.api.internal.artifacts.ivyservice.DefaultConfigurationResolver.resolveGraph(Lorg/gradle/api/internal/artifacts/configurations/ConfigurationInternal;Lorg/gradle/api/internal/artifacts/ResolverResults;)V+86
#
# Failed to write core dump. Minidumps are not enabled by default on client versions of Windows
#
# If you would like to submit a bug report, please visit:
#   http://bugreport.java.com/bugreport/crash.jsp
#

---------------  T H R E A D  ---------------

Current thread (0x000000001f2c7800):  JavaThread "Daemon worker Thread 8" [_thread_in_Java, id=13004, stack(0x000000001a080000,0x000000001a180000)]

siginfo: ExceptionCode=0xc0000096

Registers:
RAX=0x0000000000000000, RBX=0x0000000000000079, RCX=0x0000000000000000, RDX=0x0000000000000000
RSP=0x000000001a17afa0, RBP=0x000000001a17b060, RSI=0x000000002008a6c9, RDI=0x000000001fe5fec8
R8 =0x0000000000000061, R9 =0x00000000023d1f40, R10=0x0000000000000061, R11=0x000000001a17a770
R12=0x0000000000000000, R13=0x000000001fdab0b0, R14=0x000000001a17b148, R15=0x000000001f2c7800
RIP=0x00000000025556ed, EFLAGS=0x0000000000010202

Top of Stack: (sp=0x000000001a17afa0)
0x000000001a17afa0:   000000001f2c7800 000000001a17b148
0x000000001a17afb0:   0000000000000079 000000002008a6c9
0x000000001a17afc0:   000000000265db00 0000000065729c70
0x000000001a17afd0:   00000000ea1bcd48 0000000000000005
0x000000001a17afe0:   000000001fe5fec8 000000002008a6c9
0x000000001a17aff0:   000000001a17b060 000000001a17b020
0x000000001a17b000:   0000000000000079 0000000000000000
0x000000001a17b010:   0000000000000000 00000000ea1c6650
0x000000001a17b020:   000000001a17b020 000000001fdab0a6
0x000000001a17b030:   000000001a17b148 000000001fdac018
0x000000001a17b040:   0000000000000000 000000001fdab3d8
0x000000001a17b050:   0000000000000000 000000001a17b138
0x000000001a17b060:   000000001a17b190 00000000025580e2
0x000000001a17b070:   0000000000000000 0000000000000000
0x000000001a17b080:   0000000000000000 0000000000000000
0x000000001a17b090:   0000000000000000 0000000000000000 

Instructions: (pc=0x00000000025556ed)
0x00000000025556cd:   48 b9 c0 17 53 65 00 00 00 00 48 ba 77 56 55 02
0x00000000025556dd:   00 00 00 00 4c 8b c4 48 83 e4 f0 e8 93 ec cd 62
0x00000000025556ed:   f4 66 90 00 00 00 00 00 00 00 00 00 00 00 00 00
0x00000000025556fd:   00 00 00 80 20 00 00 00 00 00 00 a8 17 53 65 00 


Register to memory mapping:

RAX=0x0000000000000000 is an unknown value
RBX=0x0000000000000079 is an unknown value
RCX=0x0000000000000000 is an unknown value
RDX=0x0000000000000000 is an unknown value
RSP=0x000000001a17afa0 is pointing into the stack for thread: 0x000000001f2c7800
RBP=0x000000001a17b060 is pointing into the stack for thread: 0x000000001f2c7800
RSI=0x000000002008a6c9 is pointing into metadata
RDI=0x000000001fe5fec8 is pointing into metadata
R8 =0x0000000000000061 is an unknown value
R9 =0x00000000023d1f40 is an unknown value
R10=0x0000000000000061 is an unknown value
R11=0x000000001a17a770 is pointing into the stack for thread: 0x000000001f2c7800
R12=0x0000000000000000 is an unknown value
R13=0x000000001fdab0b0 is pointing into metadata
R14=0x000000001a17b148 is pointing into the stack for thread: 0x000000001f2c7800
R15=0x000000001f2c7800 is a thread


Stack: [0x000000001a080000,0x000000001a180000],  sp=0x000000001a17afa0,  free space=1003k
Native frames: (J=compiled Java code, j=interpreted, Vv=VM code, C=native code)
C  0x00000000025556ed


---------------  P R O C E S S  ---------------

Java Threads: ( => current thread )
  0x000000001f2ca800 JavaThread "Cache worker for cache directory md-rule (C:\Users\Alhamdi Ferdiawan B\.gradle\caches\5.4.1\md-rule)" [_thread_blocked, id=6504, stack(0x0000000020c80000,0x0000000020d80000)]
  0x000000001f2c8800 JavaThread "Cache worker for cache directory md-supplier (C:\Users\Alhamdi Ferdiawan B\.gradle\caches\5.4.1\md-supplier)" [_thread_blocked, id=8912, stack(0x0000000020980000,0x0000000020a80000)]
  0x000000001f2cf000 JavaThread "Cache worker for file hash cache (C:\Users\Alhamdi Ferdiawan B\AndroidStudioProjects\Bimbel\.gradle\5.4.1\fileHashes)" [_thread_blocked, id=9608, stack(0x0000000020280000,0x0000000020380000)]
  0x000000001f2ce800 JavaThread "Thread-170" [_thread_blocked, id=10848, stack(0x0000000020180000,0x0000000020280000)]
  0x000000001f2cd000 JavaThread "Stdin handler" [_thread_blocked, id=8748, stack(0x000000001cd20000,0x000000001ce20000)]
  0x000000001f2c1000 JavaThread "Asynchronous log dispatcher for DefaultDaemonConnection: socket connection from /127.0.0.1:56982 to /127.0.0.1:58059" [_thread_blocked, id=12388, stack(0x000000001a780000,0x000000001a880000)]
=>0x000000001f2c7800 JavaThread "Daemon worker Thread 8" [_thread_in_Java, id=13004, stack(0x000000001a080000,0x000000001a180000)]
  0x000000001f2c6000 JavaThread "Cancel handler" [_thread_blocked, id=948, stack(0x0000000019f80000,0x000000001a080000)]
  0x000000001f2c5800 JavaThread "Handler for socket connection from /127.0.0.1:56982 to /127.0.0.1:58059" [_thread_in_native, id=11768, stack(0x00000000009d0000,0x0000000000ad0000)]
  0x000000001f2c4800 JavaThread "Daemon Thread 8" [_thread_blocked, id=10216, stack(0x00000000008d0000,0x00000000009d0000)]
  0x000000001f2c0000 JavaThread "Cache worker for Java compile cache (C:\Users\Alhamdi Ferdiawan B\.gradle\caches\5.4.1\javaCompile)" [_thread_blocked, id=3008, stack(0x0000000022880000,0x0000000022980000)]
  0x000000001c94a800 JavaThread "Cache worker for file content cache (C:\Users\Alhamdi Ferdiawan B\.gradle\caches\5.4.1\fileContent)" [_thread_blocked, id=12192, stack(0x0000000022080000,0x0000000022180000)]
  0x000000001c946800 JavaThread "Memory manager" [_thread_blocked, id=4828, stack(0x0000000021980000,0x0000000021a80000)]
  0x000000001c93d000 JavaThread "Cache worker for execution history cache (C:\Users\Alhamdi Ferdiawan B\.gradle\caches\5.4.1\executionHistory)" [_thread_blocked, id=10372, stack(0x000000001fc20000,0x000000001fd20000)]
  0x0000000017e66800 JavaThread "Cache worker for journal cache (C:\Users\Alhamdi Ferdiawan B\.gradle\caches\journal-1)" [_thread_blocked, id=4532, stack(0x000000001aa80000,0x000000001ab80000)]
  0x0000000017e67800 JavaThread "File lock request listener" [_thread_in_native, id=1160, stack(0x000000001a980000,0x000000001aa80000)]
  0x00000000192ef000 JavaThread "Cache worker for file hash cache (C:\Users\Alhamdi Ferdiawan B\.gradle\caches\5.4.1\fileHashes)" [_thread_blocked, id=8468, stack(0x000000001a880000,0x000000001a980000)]
  0x0000000018a44800 JavaThread "Daemon periodic checks" [_thread_blocked, id=4428, stack(0x0000000019e80000,0x0000000019f80000)]
  0x0000000018c75800 JavaThread "Incoming local TCP Connector on port 56982" [_thread_in_native, id=10948, stack(0x0000000019c40000,0x0000000019d40000)]
  0x0000000018eb6000 JavaThread "Daemon health stats" [_thread_blocked, id=7704, stack(0x0000000019600000,0x0000000019700000)]
  0x0000000015f1e000 JavaThread "Service Thread" daemon [_thread_blocked, id=4976, stack(0x0000000017c30000,0x0000000017d30000)]
  0x0000000015ecc800 JavaThread "C1 CompilerThread2" daemon [_thread_blocked, id=5952, stack(0x0000000017730000,0x0000000017830000)]
  0x0000000015ebf000 JavaThread "C2 CompilerThread1" daemon [_thread_in_native, id=3876, stack(0x0000000017630000,0x0000000017730000)]
  0x0000000015ebc000 JavaThread "C2 CompilerThread0" daemon [_thread_blocked, id=6424, stack(0x0000000017530000,0x0000000017630000)]
  0x0000000015eba800 JavaThread "Attach Listener" daemon [_thread_blocked, id=12132, stack(0x0000000017430000,0x0000000017530000)]
  0x0000000015ec7000 JavaThread "Signal Dispatcher" daemon [_thread_blocked, id=1244, stack(0x0000000017330000,0x0000000017430000)]
  0x000000000254b000 JavaThread "Finalizer" daemon [_thread_blocked, id=11476, stack(0x0000000017130000,0x0000000017230000)]
  0x0000000015ea9000 JavaThread "Reference Handler" daemon [_thread_blocked, id=3816, stack(0x0000000017030000,0x0000000017130000)]
  0x00000000023de800 JavaThread "main" [_thread_blocked, id=3916, stack(0x00000000022b0000,0x00000000023b0000)]

Other Threads:
  0x0000000015e86000 VMThread [stack: 0x0000000016f30000,0x0000000017030000] [id=1188]
  0x000000001785a800 WatcherThread [stack: 0x0000000017d30000,0x0000000017e30000] [id=10616]

VM state:not at safepoint (normal execution)

VM Mutex/Monitor currently owned by a thread: None

heap address: 0x00000000a0000000, size: 1536 MB, Compressed Oops mode: 32-bit
Narrow klass base: 0x0000000000000000, Narrow klass shift: 3
Compressed class space size: 1073741824 Address: 0x0000000100000000

Heap:
 PSYoungGen      total 396800K, used 247341K [0x00000000e0000000, 0x0000000100000000, 0x0000000100000000)
  eden space 281600K, 59% used [0x00000000e0000000,0x00000000ea26eb80,0x00000000f1300000)
  from space 115200K, 70% used [0x00000000f1300000,0x00000000f621c9d0,0x00000000f8380000)
  to   space 122368K, 0% used [0x00000000f8880000,0x00000000f8880000,0x0000000100000000)
 ParOldGen       total 343040K, used 207243K [0x00000000a0000000, 0x00000000b4f00000, 0x00000000e0000000)
  object space 343040K, 60% used [0x00000000a0000000,0x00000000aca62c58,0x00000000b4f00000)
 Metaspace       used 143063K, capacity 150176K, committed 150592K, reserved 1179648K
  class space    used 18300K, capacity 19697K, committed 19816K, reserved 1048576K

Card table byte_map: [0x0000000011910000,0x0000000011c20000] byte_map_base: 0x0000000011410000

Marking Bits: (ParMarkBitMap*) 0x0000000065739f30
 Begin Bits: [0x0000000012220000, 0x0000000013a20000)
 End Bits:   [0x0000000013a20000, 0x0000000015220000)

Polling page: 0x00000000023b0000

CodeCache: size=245760Kb used=74239Kb max_used=74517Kb free=171520Kb
 bounds [0x0000000002550000, 0x0000000006eb0000, 0x0000000011550000]
 total_blobs=21159 nmethods=20268 adapters=804
 compilation: enabled

Compilation events (10 events):
Event: 2075.431 Thread 0x0000000015ecc800 26016       3       com.google.common.cache.CacheBuilder::newBuilder (8 bytes)
Event: 2075.432 Thread 0x0000000015ecc800 nmethod 26016 0x0000000003500e10 code [0x0000000003500f80, 0x0000000003501148]
Event: 2075.432 Thread 0x0000000015ecc800 26017       3       com.google.common.cache.CacheBuilder::<init> (62 bytes)
Event: 2075.433 Thread 0x0000000015ecc800 nmethod 26017 0x0000000003500950 code [0x0000000003500ac0, 0x0000000003500cf0]
Event: 2075.433 Thread 0x0000000015ecc800 26018       3       com.google.common.cache.CacheBuilder::getKeyEquivalence (18 bytes)
Event: 2075.433 Thread 0x0000000015ecc800 nmethod 26018 0x0000000003d3b450 code [0x0000000003d3b600, 0x0000000003d3bd18]
Event: 2075.434 Thread 0x0000000015ecc800 26019       3       com.google.common.cache.CacheBuilder::getValueEquivalence (18 bytes)
Event: 2075.434 Thread 0x0000000015ecc800 nmethod 26019 0x0000000002fd0c50 code [0x0000000002fd0e00, 0x0000000002fd1518]
Event: 2075.434 Thread 0x0000000015ecc800 26020       3       com.google.common.cache.LocalCache::recordsTime (20 bytes)
Event: 2075.435 Thread 0x0000000015ecc800 nmethod 26020 0x0000000003ab9cd0 code [0x0000000003ab9e60, 0x0000000003aba410]

GC Heap History (10 events):
Event: 1700.877 GC heap before
{Heap before GC invocations=31 (full 5):
 PSYoungGen      total 403456K, used 403107K [0x00000000e0000000, 0x0000000100000000, 0x0000000100000000)
  eden space 346112K, 100% used [0x00000000e0000000,0x00000000f5200000,0x00000000f5200000)
  from space 57344K, 99% used [0x00000000f5200000,0x00000000f89a8e38,0x00000000f8a00000)
  to   space 92160K, 0% used [0x00000000fa600000,0x00000000fa600000,0x0000000100000000)
 ParOldGen       total 227840K, used 157037K [0x00000000a0000000, 0x00000000ade80000, 0x00000000e0000000)
  object space 227840K, 68% used [0x00000000a0000000,0x00000000a995b758,0x00000000ade80000)
 Metaspace       used 142441K, capacity 149604K, committed 149824K, reserved 1179648K
  class space    used 18318K, capacity 19733K, committed 19816K, reserved 1048576K
Event: 1701.130 GC heap after
Heap after GC invocations=31 (full 5):
 PSYoungGen      total 370688K, used 92158K [0x00000000e0000000, 0x0000000100000000, 0x0000000100000000)
  eden space 278528K, 0% used [0x00000000e0000000,0x00000000e0000000,0x00000000f1000000)
  from space 92160K, 99% used [0x00000000fa600000,0x00000000fffff898,0x0000000100000000)
  to   space 122880K, 0% used [0x00000000f1000000,0x00000000f1000000,0x00000000f8800000)
 ParOldGen       total 227840K, used 199148K [0x00000000a0000000, 0x00000000ade80000, 0x00000000e0000000)
  object space 227840K, 87% used [0x00000000a0000000,0x00000000ac27b140,0x00000000ade80000)
 Metaspace       used 142441K, capacity 149604K, committed 149824K, reserved 1179648K
  class space    used 18318K, capacity 19733K, committed 19816K, reserved 1048576K
}
Event: 1701.130 GC heap before
{Heap before GC invocations=32 (full 6):
 PSYoungGen      total 370688K, used 92158K [0x00000000e0000000, 0x0000000100000000, 0x0000000100000000)
  eden space 278528K, 0% used [0x00000000e0000000,0x00000000e0000000,0x00000000f1000000)
  from space 92160K, 99% used [0x00000000fa600000,0x00000000fffff898,0x0000000100000000)
  to   space 122880K, 0% used [0x00000000f1000000,0x00000000f1000000,0x00000000f8800000)
 ParOldGen       total 227840K, used 199148K [0x00000000a0000000, 0x00000000ade80000, 0x00000000e0000000)
  object space 227840K, 87% used [0x00000000a0000000,0x00000000ac27b140,0x00000000ade80000)
 Metaspace       used 142441K, capacity 149604K, committed 149824K, reserved 1179648K
  class space    used 18318K, capacity 19733K, committed 19816K, reserved 1048576K
Event: 1702.285 GC heap after
Heap after GC invocations=32 (full 6):
 PSYoungGen      total 370688K, used 0K [0x00000000e0000000, 0x0000000100000000, 0x0000000100000000)
  eden space 278528K, 0% used [0x00000000e0000000,0x00000000e0000000,0x00000000f1000000)
  from space 92160K, 0% used [0x00000000fa600000,0x00000000fa600000,0x0000000100000000)
  to   space 122880K, 0% used [0x00000000f1000000,0x00000000f1000000,0x00000000f8800000)
 ParOldGen       total 343040K, used 172745K [0x00000000a0000000, 0x00000000b4f00000, 0x00000000e0000000)
  object space 343040K, 50% used [0x00000000a0000000,0x00000000aa8b2458,0x00000000b4f00000)
 Metaspace       used 141574K, capacity 148492K, committed 149824K, reserved 1179648K
  class space    used 18203K, capacity 19559K, committed 19816K, reserved 1048576K
}
Event: 1881.714 GC heap before
{Heap before GC invocations=33 (full 6):
 PSYoungGen      total 370688K, used 278528K [0x00000000e0000000, 0x0000000100000000, 0x0000000100000000)
  eden space 278528K, 100% used [0x00000000e0000000,0x00000000f1000000,0x00000000f1000000)
  from space 92160K, 0% used [0x00000000fa600000,0x00000000fa600000,0x0000000100000000)
  to   space 122880K, 0% used [0x00000000f1000000,0x00000000f1000000,0x00000000f8800000)
 ParOldGen       total 343040K, used 172745K [0x00000000a0000000, 0x00000000b4f00000, 0x00000000e0000000)
  object space 343040K, 50% used [0x00000000a0000000,0x00000000aa8b2458,0x00000000b4f00000)
 Metaspace       used 141871K, capacity 148894K, committed 149824K, reserved 1179648K
  class space    used 18212K, capacity 19570K, committed 19816K, reserved 1048576K
Event: 1881.772 GC heap after
Heap after GC invocations=33 (full 6):
 PSYoungGen      total 401408K, used 18650K [0x00000000e0000000, 0x0000000100000000, 0x0000000100000000)
  eden space 278528K, 0% used [0x00000000e0000000,0x00000000e0000000,0x00000000f1000000)
  from space 122880K, 15% used [0x00000000f1000000,0x00000000f2236a80,0x00000000f8800000)
  to   space 119808K, 0% used [0x00000000f8b00000,0x00000000f8b00000,0x0000000100000000)
 ParOldGen       total 343040K, used 172753K [0x00000000a0000000, 0x00000000b4f00000, 0x00000000e0000000)
  object space 343040K, 50% used [0x00000000a0000000,0x00000000aa8b4458,0x00000000b4f00000)
 Metaspace       used 141871K, capacity 148894K, committed 149824K, reserved 1179648K
  class space    used 18212K, capacity 19570K, committed 19816K, reserved 1048576K
}
Event: 1887.578 GC heap before
{Heap before GC invocations=34 (full 6):
 PSYoungGen      total 401408K, used 297178K [0x00000000e0000000, 0x0000000100000000, 0x0000000100000000)
  eden space 278528K, 100% used [0x00000000e0000000,0x00000000f1000000,0x00000000f1000000)
  from space 122880K, 15% used [0x00000000f1000000,0x00000000f2236a80,0x00000000f8800000)
  to   space 119808K, 0% used [0x00000000f8b00000,0x00000000f8b00000,0x0000000100000000)
 ParOldGen       total 343040K, used 172753K [0x00000000a0000000, 0x00000000b4f00000, 0x00000000e0000000)
  object space 343040K, 50% used [0x00000000a0000000,0x00000000aa8b4458,0x00000000b4f00000)
 Metaspace       used 142157K, capacity 149242K, committed 149824K, reserved 1179648K
  class space    used 18232K, capacity 19620K, committed 19816K, reserved 1048576K
Event: 1887.652 GC heap after
Heap after GC invocations=34 (full 6):
 PSYoungGen      total 389120K, used 25886K [0x00000000e0000000, 0x00000000ff400000, 0x0000000100000000)
  eden space 281600K, 0% used [0x00000000e0000000,0x00000000e0000000,0x00000000f1300000)
  from space 107520K, 24% used [0x00000000f8b00000,0x00000000fa447930,0x00000000ff400000)
  to   space 115200K, 0% used [0x00000000f1300000,0x00000000f1300000,0x00000000f8380000)
 ParOldGen       total 343040K, used 190225K [0x00000000a0000000, 0x00000000b4f00000, 0x00000000e0000000)
  object space 343040K, 55% used [0x00000000a0000000,0x00000000ab9c4728,0x00000000b4f00000)
 Metaspace       used 142157K, capacity 149242K, committed 149824K, reserved 1179648K
  class space    used 18232K, capacity 19620K, committed 19816K, reserved 1048576K
}
Event: 1891.477 GC heap before
{Heap before GC invocations=35 (full 6):
 PSYoungGen      total 389120K, used 307486K [0x00000000e0000000, 0x00000000ff400000, 0x0000000100000000)
  eden space 281600K, 100% used [0x00000000e0000000,0x00000000f1300000,0x00000000f1300000)
  from space 107520K, 24% used [0x00000000f8b00000,0x00000000fa447930,0x00000000ff400000)
  to   space 115200K, 0% used [0x00000000f1300000,0x00000000f1300000,0x00000000f8380000)
 ParOldGen       total 343040K, used 190225K [0x00000000a0000000, 0x00000000b4f00000, 0x00000000e0000000)
  object space 343040K, 55% used [0x00000000a0000000,0x00000000ab9c4728,0x00000000b4f00000)
 Metaspace       used 142850K, capacity 149952K, committed 150336K, reserved 1179648K
  class space    used 18294K, capacity 19685K, committed 19816K, reserved 1048576K
Event: 1891.626 GC heap after
Heap after GC invocations=35 (full 6):
 PSYoungGen      total 396800K, used 81010K [0x00000000e0000000, 0x0000000100000000, 0x0000000100000000)
  eden space 281600K, 0% used [0x00000000e0000000,0x00000000e0000000,0x00000000f1300000)
  from space 115200K, 70% used [0x00000000f1300000,0x00000000f621c9d0,0x00000000f8380000)
  to   space 122368K, 0% used [0x00000000f8880000,0x00000000f8880000,0x0000000100000000)
 ParOldGen       total 343040K, used 207243K [0x00000000a0000000, 0x00000000b4f00000, 0x00000000e0000000)
  object space 343040K, 60% used [0x00000000a0000000,0x00000000aca62c58,0x00000000b4f00000)
 Metaspace       used 142850K, capacity 149952K, committed 150336K, reserved 1179648K
  class space    used 18294K, capacity 19685K, committed 19816K, reserved 1048576K
}

Deoptimization events (10 events):
Event: 1892.736 Thread 0x000000001c949000 Uncommon trap: reason=array_check action=maybe_recompile pc=0x000000000683c77c method=java.util.TimSort.mergeHi(IIII)V @ 250
Event: 1892.736 Thread 0x000000001c949000 Uncommon trap: reason=array_check action=maybe_recompile pc=0x0000000005419788 method=java.util.TimSort.mergeLo(IIII)V @ 81
Event: 1892.737 Thread 0x000000001c949000 Uncommon trap: reason=array_check action=maybe_recompile pc=0x0000000005419788 method=java.util.TimSort.mergeLo(IIII)V @ 81
Event: 1892.737 Thread 0x000000001c949000 Uncommon trap: reason=array_check action=maybe_recompile pc=0x00000000067cfa38 method=java.util.TimSort.reverseRange([Ljava/lang/Object;II)V @ 27
Event: 1892.737 Thread 0x000000001c949000 Uncommon trap: reason=array_check action=maybe_recompile pc=0x0000000005419788 method=java.util.TimSort.mergeLo(IIII)V @ 81
Event: 1892.738 Thread 0x000000001c949000 Uncommon trap: reason=array_check action=maybe_recompile pc=0x00000000067cfa38 method=java.util.TimSort.reverseRange([Ljava/lang/Object;II)V @ 27
Event: 1892.738 Thread 0x000000001c949000 Uncommon trap: reason=array_check action=maybe_recompile pc=0x000000000687a69c method=java.util.TimSort.mergeLo(IIII)V @ 212
Event: 1894.159 Thread 0x000000001f2c5800 Uncommon trap: reason=class_check action=maybe_recompile pc=0x00000000044bedc0 method=com.android.tools.build.apkzlib.zip.ZipField.checkVerifiesInvariants(J)V @ 25
Event: 1894.173 Thread 0x000000001f2c5800 Uncommon trap: reason=class_check action=maybe_recompile pc=0x000000000573c140 method=java.util.zip.InflaterInputStream.fill()V @ 19
Event: 1894.183 Thread 0x000000001f2c5800 Uncommon trap: reason=class_check action=maybe_recompile pc=0x0000000003409540 method=com.android.tools.build.apkzlib.zip.ZipField.checkVerifiesInvariants(J)V @ 25

Classes redefined (0 events):
No events

Internal exceptions (10 events):
Event: 1892.826 Thread 0x000000001c949000 Exception <a 'sun/nio/fs/WindowsException'> (0x00000000e45c39a0) thrown at [D:\src\AOSP-openjdk-cygwin\jdk8u\hotspot\src\share\vm\prims\jni.cpp, line 710]
Event: 1892.829 Thread 0x000000001c949000 Exception <a 'sun/nio/fs/WindowsException'> (0x00000000e45c9d08) thrown at [D:\src\AOSP-openjdk-cygwin\jdk8u\hotspot\src\share\vm\prims\jni.cpp, line 710]
Event: 1892.834 Thread 0x000000001c949000 Exception <a 'sun/nio/fs/WindowsException'> (0x00000000e45d5b40) thrown at [D:\src\AOSP-openjdk-cygwin\jdk8u\hotspot\src\share\vm\prims\jni.cpp, line 710]
Event: 1892.837 Thread 0x000000001c949000 Exception <a 'sun/nio/fs/WindowsException'> (0x00000000e46dc0e8) thrown at [D:\src\AOSP-openjdk-cygwin\jdk8u\hotspot\src\share\vm\prims\jni.cpp, line 710]
Event: 1892.840 Thread 0x000000001c949000 Exception <a 'sun/nio/fs/WindowsException'> (0x00000000e46e30a0) thrown at [D:\src\AOSP-openjdk-cygwin\jdk8u\hotspot\src\share\vm\prims\jni.cpp, line 710]
Event: 1892.843 Thread 0x000000001c949000 Exception <a 'sun/nio/fs/WindowsException'> (0x00000000e46e9860) thrown at [D:\src\AOSP-openjdk-cygwin\jdk8u\hotspot\src\share\vm\prims\jni.cpp, line 710]
Event: 1892.848 Thread 0x000000001c949000 Exception <a 'sun/nio/fs/WindowsException'> (0x00000000e46f0fb8) thrown at [D:\src\AOSP-openjdk-cygwin\jdk8u\hotspot\src\share\vm\prims\jni.cpp, line 710]
Event: 1893.634 Thread 0x000000001f2ca800 Exception <a 'sun/nio/fs/WindowsException'> (0x00000000e5b232a0) thrown at [D:\src\AOSP-openjdk-cygwin\jdk8u\hotspot\src\share\vm\prims\jni.cpp, line 710]
Event: 1894.084 Thread 0x000000001f2cf000 Exception <a 'sun/nio/fs/WindowsException'> (0x00000000e8516d90) thrown at [D:\src\AOSP-openjdk-cygwin\jdk8u\hotspot\src\share\vm\prims\jni.cpp, line 710]
Event: 1894.582 Thread 0x000000001d1a7800 Exception <a 'sun/nio/fs/WindowsException'> (0x00000000e96e2680) thrown at [D:\src\AOSP-openjdk-cygwin\jdk8u\hotspot\src\share\vm\prims\jni.cpp, line 710]

Events (10 events):
Event: 2075.368 Executing VM operation: RevokeBias
Event: 2075.368 Executing VM operation: RevokeBias done
Event: 2075.368 Executing VM operation: RevokeBias
Event: 2075.368 Executing VM operation: RevokeBias done
Event: 2075.368 Executing VM operation: RevokeBias
Event: 2075.368 Executing VM operation: RevokeBias done
Event: 2075.368 Executing VM operation: BulkRevokeBias
Event: 2075.369 Executing VM operation: BulkRevokeBias done
Event: 2075.412 Thread 0x000000001f2c8800 Thread added: 0x000000001f2c8800
Event: 2075.418 Thread 0x000000001f2ca800 Thread added: 0x000000001f2ca800


Dynamic libraries:
0x00007ff6f7610000 - 0x00007ff6f7641000 	C:\Program Files\Android\Android Studio\jre\bin\java.exe
0x00007ff92b740000 - 0x00007ff92b930000 	C:\WINDOWS\SYSTEM32\ntdll.dll
0x00007ff929eb0000 - 0x00007ff929f62000 	C:\WINDOWS\System32\KERNEL32.DLL
0x00007ff929160000 - 0x00007ff929403000 	C:\WINDOWS\System32\KERNELBASE.dll
0x00007ff929f70000 - 0x00007ff92a013000 	C:\WINDOWS\System32\ADVAPI32.dll
0x00007ff92a780000 - 0x00007ff92a81e000 	C:\WINDOWS\System32\msvcrt.dll
0x00007ff92a1b0000 - 0x00007ff92a247000 	C:\WINDOWS\System32\sechost.dll
0x00007ff929d90000 - 0x00007ff929eb0000 	C:\WINDOWS\System32\RPCRT4.dll
0x00007ff92a5e0000 - 0x00007ff92a774000 	C:\WINDOWS\System32\USER32.dll
0x00007ff9286d0000 - 0x00007ff9286f1000 	C:\WINDOWS\System32\win32u.dll
0x00007ff92a420000 - 0x00007ff92a446000 	C:\WINDOWS\System32\GDI32.dll
0x00007ff929630000 - 0x00007ff9297c4000 	C:\WINDOWS\System32\gdi32full.dll
0x00007ff929560000 - 0x00007ff9295fe000 	C:\WINDOWS\System32\msvcp_win.dll
0x00007ff929060000 - 0x00007ff92915a000 	C:\WINDOWS\System32\ucrtbase.dll
0x00007ff918630000 - 0x00007ff9188b5000 	C:\WINDOWS\WinSxS\amd64_microsoft.windows.common-controls_6595b64144ccf1df_6.0.18362.476_none_e6c4b11b130f2595\COMCTL32.dll
0x00007ff92af40000 - 0x00007ff92b276000 	C:\WINDOWS\System32\combase.dll
0x00007ff928700000 - 0x00007ff928780000 	C:\WINDOWS\System32\bcryptPrimitives.dll
0x00007ff92a820000 - 0x00007ff92a84e000 	C:\WINDOWS\System32\IMM32.DLL
0x0000000064db0000 - 0x0000000064e82000 	C:\Program Files\Android\Android Studio\jre\jre\bin\msvcr100.dll
0x0000000064f70000 - 0x00000000657b6000 	C:\Program Files\Android\Android Studio\jre\jre\bin\server\jvm.dll
0x00007ff92a520000 - 0x00007ff92a528000 	C:\WINDOWS\System32\PSAPI.DLL
0x00007ff926560000 - 0x00007ff926584000 	C:\WINDOWS\SYSTEM32\WINMM.dll
0x00007ff903600000 - 0x00007ff903609000 	C:\WINDOWS\SYSTEM32\WSOCK32.dll
0x00007ff929850000 - 0x00007ff9298bf000 	C:\WINDOWS\System32\WS2_32.dll
0x00007ff91ec50000 - 0x00007ff91ec5a000 	C:\WINDOWS\SYSTEM32\VERSION.dll
0x00007ff926500000 - 0x00007ff92652d000 	C:\WINDOWS\SYSTEM32\winmmbase.dll
0x00007ff929010000 - 0x00007ff92905a000 	C:\WINDOWS\System32\cfgmgr32.dll
0x00007ff9035f0000 - 0x00007ff9035ff000 	C:\Program Files\Android\Android Studio\jre\jre\bin\verify.dll
0x00007ff8fd3b0000 - 0x00007ff8fd3d9000 	C:\Program Files\Android\Android Studio\jre\jre\bin\java.dll
0x00007ff8fd390000 - 0x00007ff8fd3a6000 	C:\Program Files\Android\Android Studio\jre\jre\bin\zip.dll
0x00007ff92a850000 - 0x00007ff92af35000 	C:\WINDOWS\System32\SHELL32.dll
0x00007ff92a530000 - 0x00007ff92a5d9000 	C:\WINDOWS\System32\shcore.dll
0x00007ff928890000 - 0x00007ff92900e000 	C:\WINDOWS\System32\windows.storage.dll
0x00007ff928640000 - 0x00007ff92865f000 	C:\WINDOWS\System32\profapi.dll
0x00007ff928660000 - 0x00007ff9286aa000 	C:\WINDOWS\System32\powrprof.dll
0x00007ff928610000 - 0x00007ff928620000 	C:\WINDOWS\System32\UMPDC.dll
0x00007ff929940000 - 0x00007ff929992000 	C:\WINDOWS\System32\shlwapi.dll
0x00007ff928620000 - 0x00007ff928631000 	C:\WINDOWS\System32\kernel.appcore.dll
0x00007ff9297d0000 - 0x00007ff9297e7000 	C:\WINDOWS\System32\cryptsp.dll
0x00007ff8fcd30000 - 0x00007ff8fcd4a000 	C:\Program Files\Android\Android Studio\jre\jre\bin\net.dll
0x00007ff927dd0000 - 0x00007ff927e37000 	C:\WINDOWS\system32\mswsock.dll
0x00007ff8fcd10000 - 0x00007ff8fcd21000 	C:\Program Files\Android\Android Studio\jre\jre\bin\nio.dll
0x00007ff91ed70000 - 0x00007ff91ed96000 	C:\Users\Alhamdi Ferdiawan B\.gradle\native\29\windows-amd64\native-platform.dll
0x00007ff9035e0000 - 0x00007ff9035ed000 	C:\Program Files\Android\Android Studio\jre\jre\bin\management.dll
0x00007ff927950000 - 0x00007ff927983000 	C:\WINDOWS\system32\rsaenh.dll
0x00007ff929600000 - 0x00007ff929626000 	C:\WINDOWS\System32\bcrypt.dll
0x00007ff928500000 - 0x00007ff928525000 	C:\WINDOWS\SYSTEM32\USERENV.dll
0x00007ff927f50000 - 0x00007ff927f5c000 	C:\WINDOWS\SYSTEM32\CRYPTBASE.dll
0x00007ff927af0000 - 0x00007ff927b2a000 	C:\WINDOWS\SYSTEM32\IPHLPAPI.DLL
0x00007ff92b6f0000 - 0x00007ff92b6f8000 	C:\WINDOWS\System32\NSI.dll
0x00007ff922fd0000 - 0x00007ff922fe6000 	C:\WINDOWS\SYSTEM32\dhcpcsvc6.DLL
0x00007ff922e60000 - 0x00007ff922e7c000 	C:\WINDOWS\SYSTEM32\dhcpcsvc.DLL
0x00007ff927b40000 - 0x00007ff927c0a000 	C:\WINDOWS\SYSTEM32\DNSAPI.dll
0x00007ff9022b0000 - 0x00007ff9022d4000 	C:\Program Files\Android\Android Studio\jre\jre\bin\sunec.dll
0x00007ff921c50000 - 0x00007ff921c5a000 	C:\Windows\System32\rasadhlp.dll
0x00007ff9229c0000 - 0x00007ff922a37000 	C:\WINDOWS\System32\fwpuclnt.dll
0x00007ff914090000 - 0x00007ff91409b000 	C:\Program Files\Android\Android Studio\jre\jre\bin\sunmscapi.dll
0x00007ff929410000 - 0x00007ff929559000 	C:\WINDOWS\System32\CRYPT32.dll
0x00007ff9286b0000 - 0x00007ff9286c2000 	C:\WINDOWS\System32\MSASN1.dll
0x00007ff918b00000 - 0x00007ff918cf4000 	C:\WINDOWS\SYSTEM32\dbghelp.dll

VM Arguments:
jvm_args: -Xmx1536m -Dfile.encoding=windows-1252 -Duser.country=ID -Duser.language=en -Duser.variant 
java_command: org.gradle.launcher.daemon.bootstrap.GradleDaemon 5.4.1
java_class_path (initial): C:\Users\Alhamdi Ferdiawan B\.gradle\wrapper\dists\gradle-5.4.1-all\3221gyojl5jsh0helicew7rwx\gradle-5.4.1\lib\gradle-launcher-5.4.1.jar
Launcher Type: SUN_STANDARD

Environment Variables:
PATH=C:\product\11.2.0\dbhome_1\bin;C:\Python27\;C:\Python27\Scripts;C:\Program Files (x86)\Common Files\Oracle\Java\javapath;C:\WINDOWS\system32;C:\WINDOWS;C:\WINDOWS\System32\Wbem;C:\WINDOWS\System32\WindowsPowerShell\v1.0\;C:\WINDOWS\System32\OpenSSH\;C:\Program Files (x86)\AMD\ATI.ACE\Core-Static;C:\ProgramData\chocolatey\bin;C:\Program Files\nodejs\;C:\Program Files\Genymobile\Genymotion\tools;C:\AndroidSDK\platform-tools;C:\Users\Alhamdi Ferdiawan B\AppData\Local\Microsoft\WindowsApps;C:\Program Files\Microsoft VS Code\bin;C:\Users\Alhamdi Ferdiawan B\AppData\Roaming\Composer\vendor\bin;C:\Users\Alhamdi Ferdiawan B\AppData\Roaming\npm;C:\adb;E:\xampp\php;C:\composer;C:\Program Files\Git\cmd;C:\Users\Alhamdi Ferdiawan B\AppData\Local\Microsoft\WindowsApps;C:\Program Files\Microsoft VS Code\bin;C:\Users\Alhamdi Ferdiawan B\AppData\Roaming\Composer\vendor\bin;C:\Users\Alhamdi Ferdiawan B\AppData\Roaming\npm;
USERNAME=Alhamdi Ferdiawan B
OS=Windows_NT
PROCESSOR_IDENTIFIER=AMD64 Family 21 Model 48 Stepping 1, AuthenticAMD



---------------  S Y S T E M  ---------------

OS: Windows 10.0 , 64 bit Build 18362 (10.0.18362.329)

CPU:total 4 (initial active 4) (4 cores per cpu, 1 threads per core) family 21 model 48 stepping 1, cmov, cx8, fxsr, mmx, sse, sse2, sse3, ssse3, sse4.1, sse4.2, popcnt, avx, aes, clmul, mmxext, 3dnowpref, lzcnt, sse4a, tsc, tscinvbit, tscinv, bmi1

Memory: 4k page, physical 7287988k(457400k free), swap 11482292k(2824888k free)

vm_info: OpenJDK 64-Bit Server VM (25.202-b03) for windows-amd64 JRE (1.8.0_202-release-1483-b03), built by "builder" with MS VC++ 10.0 (VS2010)

time: Tue Nov 19 23:49:35 2019
timezone: SE Asia Standard Time
elapsed time: 2075 seconds (0d 0h 34m 35s)

